#16 /home/ammarcom/public_html/vendor/laravel/framework/src/Illuminate/Pipeline/Pipeline.php(119): Illuminate\\Pipeline\\Pipeline->Illuminate\\Pipeline\\{closure}()
#17 /home/ammarcom/public_html/vendor/laravel/framework/src/Illuminate/Routing/Router.php(805): Illuminate\\Pipeline\\Pipeline->then()
#18 /home/ammarcom/public_html/vendor/laravel/framework/src/Illuminate/Routing/Router.php(784): Illuminate\\Routing\\Router->runRouteWithinStack()
#19 /home/ammarcom/public_html/vendor/laravel/framework/src/Illuminate/Routing/Router.php(748): Illuminate\\Routing\\Router->runRoute()
#20 /home/ammarcom/public_html/vendor/laravel/framework/src/Illuminate/Routing/Router.php(737): Illuminate\\Routing\\Router->dispatchToRoute()
#21 /home/ammarcom/public_html/vendor/laravel/framework/src/Illuminate/Foundation/Http/Kernel.php(200): Illuminate\\Routing\\Router->dispatch()
#22 /home/ammarcom/public_html/vendor/laravel/framework/src/Illuminate/Pipeline/Pipeline.php(144): Illuminate\\Foundation\\Http\\Kernel->Illuminate\\Foundation\\Http\\{closure}()
#23 /home/ammarcom/public_html/vendor/barryvdh/laravel-debugbar/src/Middleware/InjectDebugbar.php(59): Illuminate\\Pipeline\\Pipeline->Illuminate\\Pipeline\\{closure}()
#24 /home/ammarcom/public_html/vendor/laravel/framework/src/Illuminate/Pipeline/Pipeline.php(183): Barryvdh\\Debugbar\\Middleware\\InjectDebugbar->handle()
#25 /home/ammarcom/public_html/app/Http/Middleware/DatabaseRefreshMiddleware.php(33): Illuminate\\Pipeline\\Pipeline->Illuminate\\Pipeline\\{closure}()
#26 /home/ammarcom/public_html/vendor/laravel/framework/src/Illuminate/Pipeline/Pipeline.php(183): App\\Http\\Middleware\\DatabaseRefreshMiddleware->handle()
#27 /home/ammarcom/public_html/vendor/laravel/framework/src/Illuminate/Foundation/Http/Middleware/TransformsRequest.php(21): Illuminate\\Pipeline\\Pipeline->Illuminate\\Pipeline\\{closure}()
#28 /home/ammarcom/public_html/vendor/laravel/framework/src/Illuminate/Foundation/Http/Middleware/ConvertEmptyStringsToNull.php(31): Illuminate\\Foundation\\Http\\Middleware\\TransformsRequest->handle()
#29 /home/ammarcom/public_html/vendor/laravel/framework/src/Illuminate/Pipeline/Pipeline.php(183): Illuminate\\Foundation\\Http\\Middleware\\ConvertEmptyStringsToNull->handle()
#30 /home/ammarcom/public_html/vendor/laravel/framework/src/Illuminate/Foundation/Http/Middleware/TransformsRequest.php(21): Illuminate\\Pipeline\\Pipeline->Illuminate\\Pipeline\\{closure}()
#31 /home/ammarcom/public_html/vendor/laravel/framework/src/Illuminate/Foundation/Http/Middleware/TrimStrings.php(40): Illuminate\\Foundation\\Http\\Middleware\\TransformsRequest->handle()
#32 /home/ammarcom/public_html/vendor/laravel/framework/src/Illuminate/Pipeline/Pipeline.php(183): Illuminate\\Foundation\\Http\\Middleware\\TrimStrings->handle()
#33 /home/ammarcom/public_html/vendor/laravel/framework/src/Illuminate/Foundation/Http/Middleware/ValidatePostSize.php(27): Illuminate\\Pipeline\\Pipeline->Illuminate\\Pipeline\\{closure}()
#34 /home/ammarcom/public_html/vendor/laravel/framework/src/Illuminate/Pipeline/Pipeline.php(183): Illuminate\\Foundation\\Http\\Middleware\\ValidatePostSize->handle()
#35 /home/ammarcom/public_html/vendor/laravel/framework/src/Illuminate/Foundation/Http/Middleware/PreventRequestsDuringMaintenance.php(99): Illuminate\\Pipeline\\Pipeline->Illuminate\\Pipeline\\{closure}()
#36 /home/ammarcom/public_html/vendor/laravel/framework/src/Illuminate/Pipeline/Pipeline.php(183): Illuminate\\Foundation\\Http\\Middleware\\PreventRequestsDuringMaintenance->handle()
#37 /home/ammarcom/public_html/vendor/laravel/framework/src/Illuminate/Http/Middleware/TrustProxies.php(39): Illuminate\\Pipeline\\Pipeline->Illuminate\\Pipeline\\{closure}()
#38 /home/ammarcom/public_html/vendor/laravel/framework/src/Illuminate/Pipeline/Pipeline.php(183): Illuminate\\Http\\Middleware\\TrustProxies->handle()
#39 /home/ammarcom/public_html/vendor/laravel/framework/src/Illuminate/Pipeline/Pipeline.php(119): Illuminate\\Pipeline\\Pipeline->Illuminate\\Pipeline\\{closure}()
#40 /home/ammarcom/public_html/vendor/laravel/framework/src/Illuminate/Foundation/Http/Kernel.php(175): Illuminate\\Pipeline\\Pipeline->then()
#41 /home/ammarcom/public_html/vendor/laravel/framework/src/Illuminate/Foundation/Http/Kernel.php(144): Illuminate\\Foundation\\Http\\Kernel->sendRequestThroughRouter()
#42 /home/ammarcom/public_html/index.php(55): Illuminate\\Foundation\\Http\\Kernel->handle()
#43 {main}
"} 
[2026-02-22 14:50:19] live.ERROR: Facebook Conversion API: ViewContent Failed to send event. {"error":{"message":"Unsupported post request. Object with ID '400775016138358' does not exist, cannot be loaded due to missing permissions, or does not support this operation. Please read the Graph API documentation at https://developers.facebook.com/docs/graph-api","type":"GraphMethodException","code":100,"error_subcode":33,"fbtrace_id":"Aihfn5lL0OTvjt9I_1Usa_O"}} 
[2026-02-22 14:52:01] live.ERROR: Facebook Conversion API: ViewContent Failed to send event. {"error":{"message":"Unsupported post request. Object with ID '400775016138358' does not exist, cannot be loaded due to missing permissions, or does not support this operation. Please read the Graph API documentation at https://developers.facebook.com/docs/graph-api","type":"GraphMethodException","code":100,"error_subcode":33,"fbtrace_id":"AARtXXFFIs0TW7UqMZ6tumz"}} 
[2026-02-22 14:52:33] live.ERROR: Facebook Conversion API: ViewContent Failed to send event. {"error":{"message":"Unsupported post request. Object with ID '400775016138358' does not exist, cannot be loaded due to missing permissions, or does not support this operation. Please read the Graph API documentation at https://developers.facebook.com/docs/graph-api","type":"GraphMethodException","code":100,"error_subcode":33,"fbtrace_id":"ANFWpX0lvfEmiI7HLkeCYtU"}} 
[2026-02-22 14:53:23] live.ERROR: Facebook Conversion API: ViewContent Failed to send event. {"error":{"message":"Unsupported post request. Object with ID '400775016138358' does not exist, cannot be loaded due to missing permissions, or does not support this operation. Please read the Graph API documentation at https://developers.facebook.com/docs/graph-api","type":"GraphMethodException","code":100,"error_subcode":33,"fbtrace_id":"AnsoBdhfPtT_aXfj-48gRP4"}} 
[2026-02-22 14:53:58] live.ERROR: Facebook Conversion API: ViewContent Failed to send event. {"error":{"message":"Unsupported post request. Object with ID '400775016138358' does not exist, cannot be loaded due to missing permissions, or does not support this operation. Please read the Graph API documentation at https://developers.facebook.com/docs/graph-api","type":"GraphMethodException","code":100,"error_subcode":33,"fbtrace_id":"ATW5MWGQ9I0oWdUjxDBeWQs"}} 
[2026-02-22 14:56:50] live.ERROR: Facebook Conversion API: ViewContent Failed to send event. {"error":{"message":"Unsupported post request. Object with ID '400775016138358' does not exist, cannot be loaded due to missing permissions, or does not support this operation. Please read the Graph API documentation at https://developers.facebook.com/docs/graph-api","type":"GraphMethodException","code":100,"error_subcode":33,"fbtrace_id":"ANm1QDxpkvVEu2cVnlO7Slx"}} 
[2026-02-22 17:07:47] local.ERROR: cURL error 60: SSL certificate problem: unable to get local issuer certificate (see https://curl.haxx.se/libcurl/c/libcurl-errors.html) for https://graph.facebook.com/v17.0/400775016138358/events {"exception":"[object] (GuzzleHttp\\Exception\\RequestException(code: 0): cURL error 60: SSL certificate problem: unable to get local issuer certificate (see https://curl.haxx.se/libcurl/c/libcurl-errors.html) for https://graph.facebook.com/v17.0/400775016138358/events at C:/Users/KHANDOKAR ENTERPRISE/Downloads/sohag/well-known/ammar/vendor/guzzlehttp/guzzle/src/Handler/CurlFactory.php:278)
[stacktrace]
#0 C:/Users/KHANDOKAR ENTERPRISE/Downloads/sohag/well-known/ammar/vendor/guzzlehttp/guzzle/src/Handler/CurlFactory.php(207): GuzzleHttp/Handler/CurlFactory::createRejection()
#1 C:/Users/KHANDOKAR ENTERPRISE/Downloads/sohag/well-known/ammar/vendor/guzzlehttp/guzzle/src/Handler/CurlFactory.php(159): GuzzleHttp/Handler/CurlFactory::finishError()
#2 C:/Users/KHANDOKAR ENTERPRISE/Downloads/sohag/well-known/ammar/vendor/guzzlehttp/guzzle/src/Handler/CurlHandler.php(47): GuzzleHttp/Handler/CurlFactory::finish()
#3 C:/Users/KHANDOKAR ENTERPRISE/Downloads/sohag/well-known/ammar/vendor/guzzlehttp/guzzle/src/Handler/Proxy.php(28): GuzzleHttp/Handler/CurlHandler->__invoke()
#4 C:/Users/KHANDOKAR ENTERPRISE/Downloads/sohag/well-known/ammar/vendor/guzzlehttp/guzzle/src/Handler/Proxy.php(48): GuzzleHttp/Handler/Proxy::GuzzleHttp/Handler/{closure}()
#5 C:/Users/KHANDOKAR ENTERPRISE/Downloads/sohag/well-known/ammar/vendor/laravel/framework/src/Illuminate/Http/Client/PendingRequest.php(1256): GuzzleHttp/Handler/Proxy::GuzzleHttp/Handler/{closure}()
#6 C:/Users/KHANDOKAR ENTERPRISE/Downloads/sohag/well-known/ammar/vendor/laravel/framework/src/Illuminate/Http/Client/PendingRequest.php(1222): Illuminate/Http/Client/PendingRequest->Illuminate/Http/Client/{closure}()
#7 C:/Users/KHANDOKAR ENTERPRISE/Downloads/sohag/well-known/ammar/vendor/laravel/framework/src/Illuminate/Http/Client/PendingRequest.php(1208): Illuminate/Http/Client/PendingRequest->Illuminate/Http/Client/{closure}()
#8 C:/Users/KHANDOKAR ENTERPRISE/Downloads/sohag/well-known/ammar/vendor/guzzlehttp/guzzle/src/PrepareBodyMiddleware.php(64): Illuminate/Http/Client/PendingRequest->Illuminate/Http/Client/{closure}()
#9 C:/Users/KHANDOKAR ENTERPRISE/Downloads/sohag/well-known/ammar/vendor/guzzlehttp/guzzle/src/Middleware.php(38): GuzzleHttp/PrepareBodyMiddleware->__invoke()
#10 C:/Users/KHANDOKAR ENTERPRISE/Downloads/sohag/well-known/ammar/vendor/guzzlehttp/guzzle/src/RedirectMiddleware.php(71): GuzzleHttp/Middleware::GuzzleHttp/{closure}()
#11 C:/Users/KHANDOKAR ENTERPRISE/Downloads/sohag/well-known/ammar/vendor/guzzlehttp/guzzle/src/Middleware.php(63): GuzzleHttp/RedirectMiddleware->__invoke()
#12 C:/Users/KHANDOKAR ENTERPRISE/Downloads/sohag/well-known/ammar/vendor/guzzlehttp/guzzle/src/HandlerStack.php(75): GuzzleHttp/Middleware::GuzzleHttp/{closure}()
#13 C:/Users/KHANDOKAR ENTERPRISE/Downloads/sohag/well-known/ammar/vendor/guzzlehttp/guzzle/src/Client.php(333): GuzzleHttp/HandlerStack->__invoke()
#14 C:/Users/KHANDOKAR ENTERPRISE/Downloads/sohag/well-known/ammar/vendor/guzzlehttp/guzzle/src/Client.php(169): GuzzleHttp/Client->transfer()
#15 C:/Users/KHANDOKAR ENTERPRISE/Downloads/sohag/well-known/ammar/vendor/guzzlehttp/guzzle/src/Client.php(189): GuzzleHttp/Client->requestAsync()
#16 C:/Users/KHANDOKAR ENTERPRISE/Downloads/sohag/well-known/ammar/vendor/laravel/framework/src/Illuminate/Http/Client/PendingRequest.php(1053): GuzzleHttp/Client->request()
#17 C:/Users/KHANDOKAR ENTERPRISE/Downloads/sohag/well-known/ammar/vendor/laravel/framework/src/Illuminate/Http/Client/PendingRequest.php(894): Illuminate/Http/Client/PendingRequest->sendRequest()
#18 C:/Users/KHANDOKAR ENTERPRISE/Downloads/sohag/well-known/ammar/vendor/laravel/framework/src/Illuminate/Support/helpers.php(261): Illuminate/Http/Client/PendingRequest->Illuminate/Http/Client/{closure}()
#19 C:/Users/KHANDOKAR ENTERPRISE/Downloads/sohag/well-known/ammar/vendor/laravel/framework/src/Illuminate/Http/Client/PendingRequest.php(892): retry()
#20 C:/Users/KHANDOKAR ENTERPRISE/Downloads/sohag/well-known/ammar/vendor/laravel/framework/src/Illuminate/Http/Client/PendingRequest.php(798): Illuminate/Http/Client/PendingRequest->send()
#21 C:/Users/KHANDOKAR ENTERPRISE/Downloads/sohag/well-known/ammar/vendor/laravel/framework/src/Illuminate/Http/Client/Factory.php(461): Illuminate/Http/Client/PendingRequest->post()
#22 C:/Users/KHANDOKAR ENTERPRISE/Downloads/sohag/well-known/ammar/vendor/laravel/framework/src/Illuminate/Support/Facades/Facade.php(355): Illuminate/Http/Client/Factory->__call()
#23 C:/Users/KHANDOKAR ENTERPRISE/Downloads/sohag/well-known/ammar/app/Services/FacebookConversionService.php(34): Illuminate/Support/Facades/Facade::__callStatic()
#24 C:/Users/KHANDOKAR ENTERPRISE/Downloads/sohag/well-known/ammar/app/Http/Controllers/Web/ProductDetailsController.php(90): App/Services/FacebookConversionService->sendEvent()
#25 C:/Users/KHANDOKAR ENTERPRISE/Downloads/sohag/well-known/ammar/app/Http/Controllers/Web/ProductDetailsController.php(59): App/Http/Controllers/Web/ProductDetailsController->getDefaultTheme()
#26 C:/Users/KHANDOKAR ENTERPRISE/Downloads/sohag/well-known/ammar/vendor/laravel/framework/src/Illuminate/Routing/Controller.php(54): App/Http/Controllers/Web/ProductDetailsController->index()
#27 C:/Users/KHANDOKAR ENTERPRISE/Downloads/sohag/well-known/ammar/vendor/laravel/framework/src/Illuminate/Routing/ControllerDispatcher.php(43): Illuminate/Routing/Controller->callAction()
#28 C:/Users/KHANDOKAR ENTERPRISE/Downloads/sohag/well-known/ammar/vendor/laravel/framework/src/Illuminate/Routing/Route.php(259): Illuminate/Routing/ControllerDispatcher->dispatch()
#29 C:/Users/KHANDOKAR ENTERPRISE/Downloads/sohag/well-known/ammar/vendor/laravel/framework/src/Illuminate/Routing/Route.php(205): Illuminate/Routing/Route->runController()
#30 C:/Users/KHANDOKAR ENTERPRISE/Downloads/sohag/well-known/ammar/vendor/laravel/framework/src/Illuminate/Routing/Router.php(806): Illuminate/Routing/Route->run()
#31 C:/Users/KHANDOKAR ENTERPRISE/Downloads/sohag/well-known/ammar/vendor/laravel/framework/src/Illuminate/Pipeline/Pipeline.php(144): Illuminate/Routing/Router->Illuminate/Routing/{closure}()
#32 C:/Users/KHANDOKAR ENTERPRISE/Downloads/sohag/well-known/ammar/app/Http/Middleware/GuestMiddleware.php(32): Illuminate/Pipeline/Pipeline->Illuminate/Pipeline/{closure}()
#33 C:/Users/KHANDOKAR ENTERPRISE/Downloads/sohag/well-known/ammar/vendor/laravel/framework/src/Illuminate/Pipeline/Pipeline.php(183): App/Http/Middleware/GuestMiddleware->handle()
#34 C:/Users/KHANDOKAR ENTERPRISE/Downloads/sohag/well-known/ammar/app/Http/Middleware/MaintenanceModeMiddleware.php(30): Illuminate/Pipeline/Pipeline->Illuminate/Pipeline/{closure}()
#35 C:/Users/KHANDOKAR ENTERPRISE/Downloads/sohag/well-known/ammar/vendor/laravel/framework/src/Illuminate/Pipeline/Pipeline.php(183): App/Http/Middleware/MaintenanceModeMiddleware->handle()
#36 C:/Users/KHANDOKAR ENTERPRISE/Downloads/sohag/well-known/ammar/vendor/barryvdh/laravel-debugbar/src/Middleware/InjectDebugbar.php(66): Illuminate/Pipeline/Pipeline->Illuminate/Pipeline/{closure}()
#37 C:/Users/KHANDOKAR ENTERPRISE/Downloads/sohag/well-known/ammar/vendor/laravel/framework/src/Illuminate/Pipeline/Pipeline.php(183): Barryvdh/Debugbar/Middleware/InjectDebugbar->handle()
#38 C:/Users/KHANDOKAR ENTERPRISE/Downloads/sohag/well-known/ammar/app/Http/Middleware/Localization.php(22): Illuminate/Pipeline/Pipeline->Illuminate/Pipeline/{closure}()
#39 C:/Users/KHANDOKAR ENTERPRISE/Downloads/sohag/well-known/ammar/vendor/laravel/framework/src/Illuminate/Pipeline/Pipeline.php(183): App/Http/Middleware/Localization->handle()
#40 C:/Users/KHANDOKAR ENTERPRISE/Downloads/sohag/well-known/ammar/vendor/laravel/framework/src/Illuminate/Routing/Middleware/SubstituteBindings.php(50): Illuminate/Pipeline/Pipeline->Illuminate/Pipeline/{closure}()
#41 C:/Users/KHANDOKAR ENTERPRISE/Downloads/sohag/well-known/ammar/vendor/laravel/framework/src/Illuminate/Pipeline/Pipeline.php(183): Illuminate/Routing/Middleware/SubstituteBindings->handle()
#42 C:/Users/KHANDOKAR ENTERPRISE/Downloads/sohag/well-known/ammar/vendor/laravel/framework/src/Illuminate/Foundation/Http/Middleware/VerifyCsrfToken.php(78): Illuminate/Pipeline/Pipeline->Illuminate/Pipeline/{closure}()
#43 C:/Users/KHANDOKAR ENTERPRISE/Downloads/sohag/well-known/ammar/vendor/laravel/framework/src/Illuminate/Pipeline/Pipeline.php(183): Illuminate/Foundation/Http/Middleware/VerifyCsrfToken->handle()
#44 C:/Users/KHANDOKAR ENTERPRISE/Downloads/sohag/well-known/ammar/vendor/laravel/framework/src/Illuminate/View/Middleware/ShareErrorsFromSession.php(49): Illuminate/Pipeline/Pipeline->Illuminate/Pipeline/{closure}()
#45 C:/Users/KHANDOKAR ENTERPRISE/Downloads/sohag/well-known/ammar/vendor/laravel/framework/src/Illuminate/Pipeline/Pipeline.php(183): Illuminate/View/Middleware/ShareErrorsFromSession->handle()
#46 C:/Users/KHANDOKAR ENTERPRISE/Downloads/sohag/well-known/ammar/vendor/laravel/framework/src/Illuminate/Session/Middleware/StartSession.php(121): Illuminate/Pipeline/Pipeline->Illuminate/Pipeline/{closure}()
#47 C:/Users/KHANDOKAR ENTERPRISE/Downloads/sohag/well-known/ammar/vendor/laravel/framework/src/Illuminate/Session/Middleware/StartSession.php(64): Illuminate/Session/Middleware/StartSession->handleStatefulRequest()
#48 C:/Users/KHANDOKAR ENTERPRISE/Downloads/sohag/well-known/ammar/vendor/laravel/framework/src/Illuminate/Pipeline/Pipeline.php(183): Illuminate/Session/Middleware/StartSession->handle()
#49 C:/Users/KHANDOKAR ENTERPRISE/Downloads/sohag/well-known/ammar/vendor/laravel/framework/src/Illuminate/Cookie/Middleware/AddQueuedCookiesToResponse.php(37): Illuminate/Pipeline/Pipeline->Illuminate/Pipeline/{closure}()
#50 C:/Users/KHANDOKAR ENTERPRISE/Downloads/sohag/well-known/ammar/vendor/laravel/framework/src/Illuminate/Pipeline/Pipeline.php(183): Illuminate/Cookie/Middleware/AddQueuedCookiesToResponse->handle()
#51 C:/Users/KHANDOKAR ENTERPRISE/Downloads/sohag/well-known/ammar/vendor/laravel/framework/src/Illuminate/Cookie/Middleware/EncryptCookies.php(67): Illuminate/Pipeline/Pipeline->Illuminate/Pipeline/{closure}()
#52 C:/Users/KHANDOKAR ENTERPRISE/Downloads/sohag/well-known/ammar/vendor/laravel/framework/src/Illuminate/Pipeline/Pipeline.php(183): Illuminate/Cookie/Middleware/EncryptCookies->handle()
#53 C:/Users/KHANDOKAR ENTERPRISE/Downloads/sohag/well-known/ammar/vendor/laravel/framework/src/Illuminate/Pipeline/Pipeline.php(119): Illuminate/Pipeline/Pipeline->Illuminate/Pipeline/{closure}()
#54 C:/Users/KHANDOKAR ENTERPRISE/Downloads/sohag/well-known/ammar/vendor/laravel/framework/src/Illuminate/Routing/Router.php(805): Illuminate/Pipeline/Pipeline->then()
#55 C:/Users/KHANDOKAR ENTERPRISE/Downloads/sohag/well-known/ammar/vendor/laravel/framework/src/Illuminate/Routing/Router.php(784): Illuminate/Routing/Router->runRouteWithinStack()
#56 C:/Users/KHANDOKAR ENTERPRISE/Downloads/sohag/well-known/ammar/vendor/laravel/framework/src/Illuminate/Routing/Router.php(748): Illuminate/Routing/Router->runRoute()
#57 C:/Users/KHANDOKAR ENTERPRISE/Downloads/sohag/well-known/ammar/vendor/laravel/framework/src/Illuminate/Routing/Router.php(737): Illuminate/Routing/Router->dispatchToRoute()
#58 C:/Users/KHANDOKAR ENTERPRISE/Downloads/sohag/well-known/ammar/vendor/laravel/framework/src/Illuminate/Foundation/Http/Kernel.php(200): Illuminate/Routing/Router->dispatch()
#59 C:/Users/KHANDOKAR ENTERPRISE/Downloads/sohag/well-known/ammar/vendor/laravel/framework/src/Illuminate/Pipeline/Pipeline.php(144): Illuminate/Foundation/Http/Kernel->Illuminate/Foundation/Http/{closure}()
#60 C:/Users/KHANDOKAR ENTERPRISE/Downloads/sohag/well-known/ammar/vendor/barryvdh/laravel-debugbar/src/Middleware/InjectDebugbar.php(66): Illuminate/Pipeline/Pipeline->Illuminate/Pipeline/{closure}()
#61 C:/Users/KHANDOKAR ENTERPRISE/Downloads/sohag/well-known/ammar/vendor/laravel/framework/src/Illuminate/Pipeline/Pipeline.php(183): Barryvdh/Debugbar/Middleware/InjectDebugbar->handle()
#62 C:/Users/KHANDOKAR ENTERPRISE/Downloads/sohag/well-known/ammar/app/Http/Middleware/DatabaseRefreshMiddleware.php(33): Illuminate/Pipeline/Pipeline->Illuminate/Pipeline/{closure}()
#63 C:/Users/KHANDOKAR ENTERPRISE/Downloads/sohag/well-known/ammar/vendor/laravel/framework/src/Illuminate/Pipeline/Pipeline.php(183): App/Http/Middleware/DatabaseRefreshMiddleware->handle()
#64 C:/Users/KHANDOKAR ENTERPRISE/Downloads/sohag/well-known/ammar/vendor/laravel/framework/src/Illuminate/Foundation/Http/Middleware/TransformsRequest.php(21): Illuminate/Pipeline/Pipeline->Illuminate/Pipeline/{closure}()
#65 C:/Users/KHANDOKAR ENTERPRISE/Downloads/sohag/well-known/ammar/vendor/laravel/framework/src/Illuminate/Foundation/Http/Middleware/ConvertEmptyStringsToNull.php(31): Illuminate/Foundation/Http/Middleware/TransformsRequest->handle()
#66 C:/Users/KHANDOKAR ENTERPRISE/Downloads/sohag/well-known/ammar/vendor/laravel/framework/src/Illuminate/Pipeline/Pipeline.php(183): Illuminate/Foundation/Http/Middleware/ConvertEmptyStringsToNull->handle()
#67 C:/Users/KHANDOKAR ENTERPRISE/Downloads/sohag/well-known/ammar/vendor/laravel/framework/src/Illuminate/Foundation/Http/Middleware/TransformsRequest.php(21): Illuminate/Pipeline/Pipeline->Illuminate/Pipeline/{closure}()
#68 C:/Users/KHANDOKAR ENTERPRISE/Downloads/sohag/well-known/ammar/vendor/laravel/framework/src/Illuminate/Foundation/Http/Middleware/TrimStrings.php(40): Illuminate/Foundation/Http/Middleware/TransformsRequest->handle()
#69 C:/Users/KHANDOKAR ENTERPRISE/Downloads/sohag/well-known/ammar/vendor/laravel/framework/src/Illuminate/Pipeline/Pipeline.php(183): Illuminate/Foundation/Http/Middleware/TrimStrings->handle()
#70 C:/Users/KHANDOKAR ENTERPRISE/Downloads/sohag/well-known/ammar/vendor/laravel/framework/src/Illuminate/Foundation/Http/Middleware/ValidatePostSize.php(27): Illuminate/Pipeline/Pipeline->Illuminate/Pipeline/{closure}()
#71 C:/Users/KHANDOKAR ENTERPRISE/Downloads/sohag/well-known/ammar/vendor/laravel/framework/src/Illuminate/Pipeline/Pipeline.php(183): Illuminate/Foundation/Http/Middleware/ValidatePostSize->handle()
#72 C:/Users/KHANDOKAR ENTERPRISE/Downloads/sohag/well-known/ammar/vendor/laravel/framework/src/Illuminate/Foundation/Http/Middleware/PreventRequestsDuringMaintenance.php(99): Illuminate/Pipeline/Pipeline->Illuminate/Pipeline/{closure}()
#73 C:/Users/KHANDOKAR ENTERPRISE/Downloads/sohag/well-known/ammar/vendor/laravel/framework/src/Illuminate/Pipeline/Pipeline.php(183): Illuminate/Foundation/Http/Middleware/PreventRequestsDuringMaintenance->handle()
#74 C:/Users/KHANDOKAR ENTERPRISE/Downloads/sohag/well-known/ammar/vendor/laravel/framework/src/Illuminate/Http/Middleware/TrustProxies.php(39): Illuminate/Pipeline/Pipeline->Illuminate/Pipeline/{closure}()
#75 C:/Users/KHANDOKAR ENTERPRISE/Downloads/sohag/well-known/ammar/vendor/laravel/framework/src/Illuminate/Pipeline/Pipeline.php(183): Illuminate/Http/Middleware/TrustProxies->handle()
#76 C:/Users/KHANDOKAR ENTERPRISE/Downloads/sohag/well-known/ammar/vendor/laravel/framework/src/Illuminate/Pipeline/Pipeline.php(119): Illuminate/Pipeline/Pipeline->Illuminate/Pipeline/{closure}()
#77 C:/Users/KHANDOKAR ENTERPRISE/Downloads/sohag/well-known/ammar/vendor/laravel/framework/src/Illuminate/Foundation/Http/Kernel.php(175): Illuminate/Pipeline/Pipeline->then()
#78 C:/Users/KHANDOKAR ENTERPRISE/Downloads/sohag/well-known/ammar/vendor/laravel/framework/src/Illuminate/Foundation/Http/Kernel.php(144): Illuminate/Foundation/Http/Kernel->sendRequestThroughRouter()
#79 C:/Users/KHANDOKAR ENTERPRISE/Downloads/sohag/well-known/ammar/public/index.php(56): Illuminate/Foundation/Http/Kernel->handle()
#80 C:/Users/KHANDOKAR ENTERPRISE/Downloads/sohag/well-known/ammar/server.php(21): require_once('...')
#81 {main}
"} 
